2025-06-06 16:26:26,210 - INFO - 开始爬取 2025-05-27 至 2025-06-06 的新闻
2025-06-06 16:26:26,210 - INFO - 开始爬取: 济南市教育局 (http://jnedu.jinan.gov.cn/)
2025-06-06 16:26:26,210 - INFO - 正在请求页面: http://jnedu.jinan.gov.cn/ (尝试 1/3)
2025-06-06 16:26:26,331 - INFO - 成功获取页面: http://jnedu.jinan.gov.cn/
2025-06-06 16:26:26,346 - INFO - 在 济南市教育局 中找到 0 条相关新闻
2025-06-06 16:26:28,351 - INFO - 开始爬取: 青岛市教育局 (http://edu.qingdao.gov.cn/)
2025-06-06 16:26:28,351 - INFO - 正在请求页面: http://edu.qingdao.gov.cn/ (尝试 1/3)
2025-06-06 16:26:28,436 - INFO - 成功获取页面: http://edu.qingdao.gov.cn/
2025-06-06 16:26:28,462 - INFO - 在 青岛市教育局 中找到 0 条相关新闻
2025-06-06 16:26:30,467 - INFO - 开始爬取: 淄博市教育局 (http://edu.zibo.gov.cn/)
2025-06-06 16:26:30,467 - INFO - 正在请求页面: http://edu.zibo.gov.cn/ (尝试 1/3)
2025-06-06 16:26:31,055 - INFO - 成功获取页面: http://edu.zibo.gov.cn/
2025-06-06 16:26:31,109 - INFO - 在 淄博市教育局 中找到 0 条相关新闻
2025-06-06 16:26:33,114 - INFO - 开始爬取: 枣庄市教育局 (http://edu.zaozhuang.gov.cn/)
2025-06-06 16:26:33,114 - INFO - 正在请求页面: http://edu.zaozhuang.gov.cn/ (尝试 1/3)
2025-06-06 16:26:33,179 - INFO - 成功获取页面: http://edu.zaozhuang.gov.cn/
2025-06-06 16:26:33,200 - INFO - 找到相关新闻: 关于开展“党的创新理论主题”思政课优秀案...
2025-06-06 16:26:33,200 - INFO - 找到相关新闻: 山东省中职思政课教师教学能力提升培训会在我市召开
2025-06-06 16:26:33,200 - INFO - 找到相关新闻: 思政教育一体化建设座谈会召开
2025-06-06 16:26:33,200 - INFO - 在 枣庄市教育局 中找到 3 条相关新闻
2025-06-06 16:26:35,206 - INFO - 开始爬取: 东营市教育局 (http://dyjy.dongying.gov.cn/)
2025-06-06 16:26:35,206 - INFO - 正在请求页面: http://dyjy.dongying.gov.cn/ (尝试 1/3)
2025-06-06 16:26:35,344 - INFO - 成功获取页面: http://dyjy.dongying.gov.cn/
2025-06-06 16:26:35,361 - INFO - 在 东营市教育局 中找到 0 条相关新闻
2025-06-06 16:26:37,366 - INFO - 开始爬取: 烟台市教育局 (http://jyj.yantai.gov.cn/)
2025-06-06 16:26:37,366 - INFO - 正在请求页面: http://jyj.yantai.gov.cn/ (尝试 1/3)
2025-06-06 16:26:37,796 - INFO - 成功获取页面: http://jyj.yantai.gov.cn/
2025-06-06 16:26:37,808 - INFO - 在 烟台市教育局 中找到 0 条相关新闻
2025-06-06 16:26:39,813 - INFO - 开始爬取: 潍坊市教育局 (http://jyj.weifang.gov.cn/)
2025-06-06 16:26:39,814 - INFO - 正在请求页面: http://jyj.weifang.gov.cn/ (尝试 1/3)
2025-06-06 16:26:40,074 - INFO - 成功获取页面: http://jyj.weifang.gov.cn/
2025-06-06 16:26:40,088 - INFO - 找到相关新闻: 青州市：传承红色基因 构建“全域大思政”育人链
2025-06-06 16:26:40,088 - INFO - 找到相关新闻: 青州市：党建统领大中小学思政教育一体化建设...
2025-06-06 16:26:40,088 - INFO - 在 潍坊市教育局 中找到 2 条相关新闻
2025-06-06 16:26:42,093 - INFO - 开始爬取: 济宁市教育局 (http://jnjy.jining.gov.cn/)
2025-06-06 16:26:42,094 - INFO - 正在请求页面: http://jnjy.jining.gov.cn/ (尝试 1/3)
2025-06-06 16:26:42,280 - INFO - 成功获取页面: http://jnjy.jining.gov.cn/
2025-06-06 16:26:42,289 - INFO - 找到相关新闻: 全市中小学校思政课建设专题会议召开
2025-06-06 16:26:42,289 - INFO - 找到相关新闻: 全市中小学校思政课建设专题会议召开
2025-06-06 16:26:42,289 - INFO - 在 济宁市教育局 中找到 2 条相关新闻
2025-06-06 16:26:44,295 - INFO - 开始爬取: 泰安市教育局 (http://jyj.taian.gov.cn/)
2025-06-06 16:26:44,295 - INFO - 正在请求页面: http://jyj.taian.gov.cn/ (尝试 1/3)
2025-06-06 16:26:44,613 - INFO - 成功获取页面: http://jyj.taian.gov.cn/
2025-06-06 16:26:44,649 - INFO - 在 泰安市教育局 中找到 0 条相关新闻
2025-06-06 16:26:46,654 - INFO - 开始爬取: 威海市教育局 (http://jyj.weihai.gov.cn/)
2025-06-06 16:26:46,654 - INFO - 正在请求页面: http://jyj.weihai.gov.cn/ (尝试 1/3)
2025-06-06 16:26:47,631 - INFO - 成功获取页面: http://jyj.weihai.gov.cn/
2025-06-06 16:26:47,644 - INFO - 在 威海市教育局 中找到 0 条相关新闻
2025-06-06 16:26:49,649 - INFO - 开始爬取: 日照市教育局 (http://jyj.rizhao.gov.cn/)
2025-06-06 16:26:49,649 - INFO - 正在请求页面: http://jyj.rizhao.gov.cn/ (尝试 1/3)
2025-06-06 16:26:49,826 - INFO - 成功获取页面: http://jyj.rizhao.gov.cn/
2025-06-06 16:26:49,841 - INFO - 在 日照市教育局 中找到 0 条相关新闻
2025-06-06 16:26:51,843 - INFO - 开始爬取: 临沂市教育局 (http://jyj.linyi.gov.cn/)
2025-06-06 16:26:51,843 - INFO - 正在请求页面: http://jyj.linyi.gov.cn/ (尝试 1/3)
2025-06-06 16:26:51,916 - INFO - 成功获取页面: http://jyj.linyi.gov.cn/
2025-06-06 16:26:51,926 - INFO - 找到相关新闻: 中共临沂市委教育工委关于开展 2023 年“市级优秀思政课教师”评选工作的通知
2025-06-06 16:26:51,926 - INFO - 在 临沂市教育局 中找到 1 条相关新闻
2025-06-06 16:26:53,931 - INFO - 开始爬取: 德州市教育局 (http://dzedu.dezhou.gov.cn/)
2025-06-06 16:26:53,932 - INFO - 正在请求页面: http://dzedu.dezhou.gov.cn/ (尝试 1/3)
2025-06-06 16:26:54,023 - INFO - 成功获取页面: http://dzedu.dezhou.gov.cn/
2025-06-06 16:26:54,050 - INFO - 在 德州市教育局 中找到 0 条相关新闻
2025-06-06 16:26:56,055 - INFO - 开始爬取: 聊城市教育局 (http://jyty.liaocheng.gov.cn/)
2025-06-06 16:26:56,055 - INFO - 正在请求页面: http://jyty.liaocheng.gov.cn/ (尝试 1/3)
2025-06-06 16:26:57,309 - INFO - 成功获取页面: http://jyty.liaocheng.gov.cn/
2025-06-06 16:26:57,325 - INFO - 在 聊城市教育局 中找到 0 条相关新闻
2025-06-06 16:26:59,330 - INFO - 开始爬取: 滨州市教育局 (http://jy.binzhou.gov.cn/)
2025-06-06 16:26:59,330 - INFO - 正在请求页面: http://jy.binzhou.gov.cn/ (尝试 1/3)
2025-06-06 16:26:59,433 - INFO - 成功获取页面: http://jy.binzhou.gov.cn/
2025-06-06 16:26:59,445 - INFO - 在 滨州市教育局 中找到 0 条相关新闻
2025-06-06 16:27:01,450 - INFO - 开始爬取: 菏泽市教育局 (http://hzjy.heze.gov.cn/)
2025-06-06 16:27:01,451 - INFO - 正在请求页面: http://hzjy.heze.gov.cn/ (尝试 1/3)
2025-06-06 16:27:01,593 - INFO - 成功获取页面: http://hzjy.heze.gov.cn/
2025-06-06 16:27:01,612 - INFO - 在 菏泽市教育局 中找到 0 条相关新闻
2025-06-06 16:27:03,618 - INFO - 结果已保存到: output/思政新闻_2025-05-27_2025-06-06.md
2025-06-06 16:27:03,618 - INFO - 爬取完成，共找到 8 条新闻
